[21-Nov-2025 18:43:42 UTC] Loaded file: blur_effects.php
[21-Nov-2025 18:43:42 UTC] Loaded file: rkit_post_duplicator.php
[21-Nov-2025 18:43:42 UTC] Loaded file: rkit_tool_tips.php
[21-Nov-2025 18:43:42 UTC] Loaded file: rkit_wrapper_link.php
[21-Nov-2025 18:43:42 UTC] Class not found: \RomethemeKit\Rkit_Custom_Cursor
[21-Nov-2025 18:43:42 UTC] Instantiated class: \RomethemeKit\RkitDuplicator
[21-Nov-2025 18:43:42 UTC] Instantiated class: \RomethemeKit\BlurEffects
[21-Nov-2025 18:43:42 UTC] Class not found: \RomethemeKit\Rkit_Sticky_Content
[21-Nov-2025 18:43:42 UTC] Instantiated class: \RomethemeKit\RkitToolTips
[21-Nov-2025 18:43:42 UTC] Instantiated class: \RomethemeKit\RkitWrapperLink
[21-Nov-2025 18:43:42 UTC] Loaded file: blur_effects.php
[21-Nov-2025 18:43:42 UTC] Loaded file: rkit_post_duplicator.php
[21-Nov-2025 18:43:42 UTC] Loaded file: rkit_tool_tips.php
[21-Nov-2025 18:43:42 UTC] Loaded file: rkit_wrapper_link.php
[21-Nov-2025 18:43:42 UTC] Class not found: \RomethemeKit\Rkit_Custom_Cursor
[21-Nov-2025 18:43:42 UTC] Instantiated class: \RomethemeKit\RkitDuplicator
[21-Nov-2025 18:43:42 UTC] Instantiated class: \RomethemeKit\BlurEffects
[21-Nov-2025 18:43:42 UTC] Class not found: \RomethemeKit\Rkit_Sticky_Content
[21-Nov-2025 18:43:42 UTC] Instantiated class: \RomethemeKit\RkitToolTips
[21-Nov-2025 18:43:42 UTC] Instantiated class: \RomethemeKit\RkitWrapperLink
[21-Nov-2025 18:43:43 UTC] Loaded file: blur_effects.php
[21-Nov-2025 18:43:43 UTC] Loaded file: rkit_post_duplicator.php
[21-Nov-2025 18:43:43 UTC] Loaded file: rkit_tool_tips.php
[21-Nov-2025 18:43:43 UTC] Loaded file: rkit_wrapper_link.php
[21-Nov-2025 18:43:43 UTC] Class not found: \RomethemeKit\Rkit_Custom_Cursor
[21-Nov-2025 18:43:43 UTC] Instantiated class: \RomethemeKit\RkitDuplicator
[21-Nov-2025 18:43:43 UTC] Instantiated class: \RomethemeKit\BlurEffects
[21-Nov-2025 18:43:43 UTC] Class not found: \RomethemeKit\Rkit_Sticky_Content
[21-Nov-2025 18:43:43 UTC] Instantiated class: \RomethemeKit\RkitToolTips
[21-Nov-2025 18:43:43 UTC] Instantiated class: \RomethemeKit\RkitWrapperLink
[21-Nov-2025 18:43:50 UTC] Loaded file: blur_effects.php
[21-Nov-2025 18:43:50 UTC] Loaded file: rkit_post_duplicator.php
[21-Nov-2025 18:43:50 UTC] Loaded file: rkit_tool_tips.php
[21-Nov-2025 18:43:50 UTC] Loaded file: rkit_wrapper_link.php
[21-Nov-2025 18:43:50 UTC] Class not found: \RomethemeKit\Rkit_Custom_Cursor
[21-Nov-2025 18:43:50 UTC] Instantiated class: \RomethemeKit\RkitDuplicator
[21-Nov-2025 18:43:50 UTC] Instantiated class: \RomethemeKit\BlurEffects
[21-Nov-2025 18:43:50 UTC] Class not found: \RomethemeKit\Rkit_Sticky_Content
[21-Nov-2025 18:43:50 UTC] Instantiated class: \RomethemeKit\RkitToolTips
[21-Nov-2025 18:43:50 UTC] Instantiated class: \RomethemeKit\RkitWrapperLink
[21-Nov-2025 18:43:52 UTC] Loaded file: blur_effects.php
[21-Nov-2025 18:43:52 UTC] Loaded file: rkit_post_duplicator.php
[21-Nov-2025 18:43:52 UTC] Loaded file: rkit_tool_tips.php
[21-Nov-2025 18:43:52 UTC] Loaded file: rkit_wrapper_link.php
[21-Nov-2025 18:43:52 UTC] Class not found: \RomethemeKit\Rkit_Custom_Cursor
[21-Nov-2025 18:43:52 UTC] Instantiated class: \RomethemeKit\RkitDuplicator
[21-Nov-2025 18:43:52 UTC] Instantiated class: \RomethemeKit\BlurEffects
[21-Nov-2025 18:43:52 UTC] Class not found: \RomethemeKit\Rkit_Sticky_Content
[21-Nov-2025 18:43:52 UTC] Instantiated class: \RomethemeKit\RkitToolTips
[21-Nov-2025 18:43:52 UTC] Instantiated class: \RomethemeKit\RkitWrapperLink
[21-Nov-2025 18:43:53 UTC] Soltour Booking V4: Plugin ativado com sucesso
[21-Nov-2025 18:43:53 UTC] Soltour Booking V4: Tabela de cotações criada: nERilmqzb_soltour_quotes
[21-Nov-2025 18:43:53 UTC] Loaded file: blur_effects.php
[21-Nov-2025 18:43:53 UTC] Loaded file: rkit_post_duplicator.php
[21-Nov-2025 18:43:53 UTC] Loaded file: rkit_tool_tips.php
[21-Nov-2025 18:43:53 UTC] Loaded file: rkit_wrapper_link.php
[21-Nov-2025 18:43:53 UTC] Class not found: \RomethemeKit\Rkit_Custom_Cursor
[21-Nov-2025 18:43:53 UTC] Instantiated class: \RomethemeKit\RkitDuplicator
[21-Nov-2025 18:43:53 UTC] Instantiated class: \RomethemeKit\BlurEffects
[21-Nov-2025 18:43:53 UTC] Class not found: \RomethemeKit\Rkit_Sticky_Content
[21-Nov-2025 18:43:53 UTC] Instantiated class: \RomethemeKit\RkitToolTips
[21-Nov-2025 18:43:53 UTC] Instantiated class: \RomethemeKit\RkitWrapperLink
[21-Nov-2025 18:43:54 UTC] [Soltour API info] Session token obtido com sucesso
[21-Nov-2025 18:43:57 UTC] Loaded file: blur_effects.php
[21-Nov-2025 18:43:57 UTC] Loaded file: rkit_post_duplicator.php
[21-Nov-2025 18:43:57 UTC] Loaded file: rkit_tool_tips.php
[21-Nov-2025 18:43:57 UTC] Loaded file: rkit_wrapper_link.php
[21-Nov-2025 18:43:57 UTC] Class not found: \RomethemeKit\Rkit_Custom_Cursor
[21-Nov-2025 18:43:57 UTC] Instantiated class: \RomethemeKit\RkitDuplicator
[21-Nov-2025 18:43:57 UTC] Instantiated class: \RomethemeKit\BlurEffects
[21-Nov-2025 18:43:57 UTC] Class not found: \RomethemeKit\Rkit_Sticky_Content
[21-Nov-2025 18:43:57 UTC] Instantiated class: \RomethemeKit\RkitToolTips
[21-Nov-2025 18:43:57 UTC] Instantiated class: \RomethemeKit\RkitWrapperLink
[21-Nov-2025 18:43:57 UTC] Loaded file: blur_effects.php
[21-Nov-2025 18:43:57 UTC] Loaded file: rkit_post_duplicator.php
[21-Nov-2025 18:43:57 UTC] Loaded file: rkit_tool_tips.php
[21-Nov-2025 18:43:57 UTC] Loaded file: rkit_wrapper_link.php
[21-Nov-2025 18:43:57 UTC] Class not found: \RomethemeKit\Rkit_Custom_Cursor
[21-Nov-2025 18:43:57 UTC] Instantiated class: \RomethemeKit\RkitDuplicator
[21-Nov-2025 18:43:57 UTC] Instantiated class: \RomethemeKit\BlurEffects
[21-Nov-2025 18:43:57 UTC] Class not found: \RomethemeKit\Rkit_Sticky_Content
[21-Nov-2025 18:43:57 UTC] Instantiated class: \RomethemeKit\RkitToolTips
[21-Nov-2025 18:43:57 UTC] Instantiated class: \RomethemeKit\RkitWrapperLink
[21-Nov-2025 18:44:00 UTC] Loaded file: blur_effects.php
[21-Nov-2025 18:44:00 UTC] Loaded file: rkit_post_duplicator.php
[21-Nov-2025 18:44:00 UTC] Loaded file: rkit_tool_tips.php
[21-Nov-2025 18:44:00 UTC] Loaded file: rkit_wrapper_link.php
[21-Nov-2025 18:44:00 UTC] Class not found: \RomethemeKit\Rkit_Custom_Cursor
[21-Nov-2025 18:44:00 UTC] Instantiated class: \RomethemeKit\RkitDuplicator
[21-Nov-2025 18:44:00 UTC] Instantiated class: \RomethemeKit\BlurEffects
[21-Nov-2025 18:44:00 UTC] Class not found: \RomethemeKit\Rkit_Sticky_Content
[21-Nov-2025 18:44:00 UTC] Instantiated class: \RomethemeKit\RkitToolTips
[21-Nov-2025 18:44:00 UTC] Instantiated class: \RomethemeKit\RkitWrapperLink
[21-Nov-2025 18:44:08 UTC] Loaded file: blur_effects.php
[21-Nov-2025 18:44:08 UTC] Loaded file: rkit_post_duplicator.php
[21-Nov-2025 18:44:08 UTC] Loaded file: rkit_tool_tips.php
[21-Nov-2025 18:44:08 UTC] Loaded file: rkit_wrapper_link.php
[21-Nov-2025 18:44:08 UTC] Class not found: \RomethemeKit\Rkit_Custom_Cursor
[21-Nov-2025 18:44:08 UTC] Instantiated class: \RomethemeKit\RkitDuplicator
[21-Nov-2025 18:44:08 UTC] Instantiated class: \RomethemeKit\BlurEffects
[21-Nov-2025 18:44:08 UTC] Class not found: \RomethemeKit\Rkit_Sticky_Content
[21-Nov-2025 18:44:08 UTC] Instantiated class: \RomethemeKit\RkitToolTips
[21-Nov-2025 18:44:08 UTC] Instantiated class: \RomethemeKit\RkitWrapperLink
[21-Nov-2025 18:44:08 UTC] Loaded file: blur_effects.php
[21-Nov-2025 18:44:08 UTC] Loaded file: rkit_post_duplicator.php
[21-Nov-2025 18:44:08 UTC] Loaded file: rkit_tool_tips.php
[21-Nov-2025 18:44:08 UTC] Loaded file: rkit_wrapper_link.php
[21-Nov-2025 18:44:08 UTC] Class not found: \RomethemeKit\Rkit_Custom_Cursor
[21-Nov-2025 18:44:08 UTC] Instantiated class: \RomethemeKit\RkitDuplicator
[21-Nov-2025 18:44:08 UTC] Instantiated class: \RomethemeKit\BlurEffects
[21-Nov-2025 18:44:08 UTC] Class not found: \RomethemeKit\Rkit_Sticky_Content
[21-Nov-2025 18:44:08 UTC] Instantiated class: \RomethemeKit\RkitToolTips
[21-Nov-2025 18:44:08 UTC] Instantiated class: \RomethemeKit\RkitWrapperLink
[21-Nov-2025 18:44:11 UTC] Loaded file: blur_effects.php
[21-Nov-2025 18:44:11 UTC] Loaded file: rkit_post_duplicator.php
[21-Nov-2025 18:44:11 UTC] Loaded file: rkit_tool_tips.php
[21-Nov-2025 18:44:11 UTC] Loaded file: rkit_wrapper_link.php
[21-Nov-2025 18:44:11 UTC] Class not found: \RomethemeKit\Rkit_Custom_Cursor
[21-Nov-2025 18:44:11 UTC] Instantiated class: \RomethemeKit\RkitDuplicator
[21-Nov-2025 18:44:11 UTC] Instantiated class: \RomethemeKit\BlurEffects
[21-Nov-2025 18:44:11 UTC] Class not found: \RomethemeKit\Rkit_Sticky_Content
[21-Nov-2025 18:44:11 UTC] Instantiated class: \RomethemeKit\RkitToolTips
[21-Nov-2025 18:44:11 UTC] Instantiated class: \RomethemeKit\RkitWrapperLink
[21-Nov-2025 18:44:20 UTC] Loaded file: blur_effects.php
[21-Nov-2025 18:44:20 UTC] Loaded file: rkit_post_duplicator.php
[21-Nov-2025 18:44:20 UTC] Loaded file: rkit_tool_tips.php
[21-Nov-2025 18:44:20 UTC] Loaded file: rkit_wrapper_link.php
[21-Nov-2025 18:44:20 UTC] Class not found: \RomethemeKit\Rkit_Custom_Cursor
[21-Nov-2025 18:44:20 UTC] Instantiated class: \RomethemeKit\RkitDuplicator
[21-Nov-2025 18:44:20 UTC] Instantiated class: \RomethemeKit\BlurEffects
[21-Nov-2025 18:44:20 UTC] Class not found: \RomethemeKit\Rkit_Sticky_Content
[21-Nov-2025 18:44:20 UTC] Instantiated class: \RomethemeKit\RkitToolTips
[21-Nov-2025 18:44:20 UTC] Instantiated class: \RomethemeKit\RkitWrapperLink
[21-Nov-2025 18:44:22 UTC] Loaded file: blur_effects.php
[21-Nov-2025 18:44:22 UTC] Loaded file: rkit_post_duplicator.php
[21-Nov-2025 18:44:22 UTC] Loaded file: rkit_tool_tips.php
[21-Nov-2025 18:44:22 UTC] Loaded file: rkit_wrapper_link.php
[21-Nov-2025 18:44:22 UTC] Class not found: \RomethemeKit\Rkit_Custom_Cursor
[21-Nov-2025 18:44:22 UTC] Instantiated class: \RomethemeKit\RkitDuplicator
[21-Nov-2025 18:44:22 UTC] Instantiated class: \RomethemeKit\BlurEffects
[21-Nov-2025 18:44:22 UTC] Class not found: \RomethemeKit\Rkit_Sticky_Content
[21-Nov-2025 18:44:22 UTC] Instantiated class: \RomethemeKit\RkitToolTips
[21-Nov-2025 18:44:22 UTC] Instantiated class: \RomethemeKit\RkitWrapperLink
[21-Nov-2025 18:44:22 UTC] Loaded file: blur_effects.php
[21-Nov-2025 18:44:22 UTC] Loaded file: rkit_post_duplicator.php
[21-Nov-2025 18:44:22 UTC] Loaded file: rkit_tool_tips.php
[21-Nov-2025 18:44:22 UTC] Loaded file: rkit_wrapper_link.php
[21-Nov-2025 18:44:22 UTC] Class not found: \RomethemeKit\Rkit_Custom_Cursor
[21-Nov-2025 18:44:22 UTC] Instantiated class: \RomethemeKit\RkitDuplicator
[21-Nov-2025 18:44:22 UTC] Instantiated class: \RomethemeKit\BlurEffects
[21-Nov-2025 18:44:22 UTC] Class not found: \RomethemeKit\Rkit_Sticky_Content
[21-Nov-2025 18:44:22 UTC] Instantiated class: \RomethemeKit\RkitToolTips
[21-Nov-2025 18:44:22 UTC] Instantiated class: \RomethemeKit\RkitWrapperLink
[21-Nov-2025 18:44:23 UTC] [Soltour API info] === AJAX SEARCH PACKAGES CALLED ===
[21-Nov-2025 18:44:23 UTC] [Soltour API info] Params recebidos do frontend:
[21-Nov-2025 18:44:23 UTC] [Soltour API info]   - pageNumber: 0
[21-Nov-2025 18:44:23 UTC] [Soltour API info]   - rowsPerPage: 100
[21-Nov-2025 18:44:23 UTC] [Soltour API info] Params completos: {"originCode":"MAD","destinationCode":"PUJ","startDate":"2026-02-15","numNights":7,"rooms":[{"passengers":[{"type":"ADULT","age":30}]}],"productType":"PACKAGE","onlyHotel":"N","pageNumber":0,"rowsPerPage":100}
[21-Nov-2025 18:44:23 UTC] [Soltour API info] Enviando para API Soltour (booking/availability):
[21-Nov-2025 18:44:23 UTC] [Soltour API info]   - criteria.pagination.pageNumber: 0
[21-Nov-2025 18:44:23 UTC] [Soltour API info]   - criteria.pagination.rowsPerPage: 100
[21-Nov-2025 18:44:29 UTC] [Soltour API info] Resposta da API Soltour:
[21-Nov-2025 18:44:29 UTC] [Soltour API info]   - budgets: 60
[21-Nov-2025 18:44:29 UTC] [Soltour API info]   - totalCount: 0
[21-Nov-2025 18:44:29 UTC] [Soltour API info]   - hotels: 43
[21-Nov-2025 18:44:29 UTC] [Soltour API info]   - availToken: SIM
